

#############    Traffic = uniform_random      Network = 4x4                    ################

Inject_rate                   Energy                        Latency                       Deflect_rate                  Throughput                    

BLESS     MBNoC     NoBypass  BLESS     MBNoC     NoBypass  BLESS     MBNoC     NoBypass  BLESS     MBNoC     NoBypass  BLESS     MBNoC     NoBypass  
0.01      0.01      0.01      14.91     7.82      0.0       10.79     8.68      8.81      0.0       0.0       0.00      0.12      0.13      0.0       
0.01      0.01      0.01      29.03     15.77     0.0       10.73     8.74      8.78      0.01      0.0       0.01      0.23      0.27      0.0       
0.02      0.02      0.02      43.93     24.03     0.0       10.77     8.74      8.77      0.02      0.005     0.01      0.35      0.42      0.0       
0.03      0.03      0.03      60.98     32.35     0.0       10.71     8.67      8.80      0.04      0.01      0.03      0.5       0.57      0.0       
0.04      0.04      0.04      76.00     41.02     0.0       10.82     8.79      8.78      0.06      0.02      0.05      0.61      0.73      0.0       
0.05      0.05      0.05      93.24     49.95     0.0       10.77     8.75      8.86      0.08      0.025     0.07      0.75      0.91      0.0       
0.05      0.06      0.06      108.38    58.81     0.0       10.83     8.74      8.86      0.11      0.035     0.10      0.86      1.09      0.0       
0.06      0.06      0.06      126.08    66.67     0.0       10.84     8.70      8.92      0.15      0.04      0.14      1.01      1.21      0.0       
0.07      0.07      0.07      144.93    76.58     0.0       10.92     8.77      8.92      0.19      0.055     0.20      1.16      1.41      0.0       
0.08      0.08      0.08      161.49    85.20     0.0       11.00     8.79      9.01      0.25      0.07      0.24      1.29      1.56      0.0       
0.09      0.09      0.09      181.77    95.19     0.0       11.05     8.83      9.09      0.31      0.09      0.31      1.46      1.77      0.0       
0.10      0.10      0.10      200.99    104.59    0.0       11.13     8.85      9.13      0.37      0.12      0.38      1.61      1.96      0.0       
0.11      0.11      0.11      217.69    113.06    0.0       11.22     8.87      9.16      0.44      0.14      0.45      1.73      2.09      0.0       
0.12      0.12      0.12      237.02    123.67    0.0       11.30     8.94      9.23      0.53      0.165     0.52      1.87      2.31      0.0       
0.12      0.13      0.13      249.94    133.27    0.0       11.37     8.96      9.31      0.59      0.2       0.61      1.95      2.50      0.0       
0.14      0.14      0.14      273.28    142.21    0.0       11.44     8.97      9.34      0.72      0.22      0.71      2.14      2.64      0.0       
0.15      0.15      0.15      293.08    152.20    0.0       11.56     9.03      9.50      0.83      0.255     0.85      2.28      2.83      0.0       
0.16      0.16      0.16      311.53    161.16    0.0       11.61     9.11      9.54      0.92      0.295     0.94      2.41      2.95      0.0       
0.16      0.16      0.16      330.42    169.32    0.0       11.77     9.10      9.60      1.06      0.315     1.05      2.53      3.08      0.0       
0.17      0.17      0.17      349.02    179.67    0.0       11.77     9.13      9.66      1.17      0.355     1.19      2.66      3.26      0.0       
0.18      0.18      0.18      366.53    190.01    0.0       11.86     9.23      9.75      1.29      0.41      1.31      2.79      3.43      0.0       
0.19      0.19      0.19      388.94    200.14    0.0       11.98     9.24      9.84      1.46      0.455     1.44      2.94      3.62      0.0       
0.20      0.20      0.20      412.98    210.47    0.0       12.14     9.31      9.92      1.68      0.525     1.66      3.1       3.80      0.0       
0.21      0.21      0.20      424.89    220.13    0.0       12.12     9.34      10.00     1.74      0.56      1.77      3.17      3.95      0.0       
0.21      0.22      0.22      445.65    229.15    0.0       12.27     9.40      10.10     1.93      0.61      1.96      3.29      4.06      0.0       
0.22      0.23      0.22      468.34    240.53    0.0       12.41     9.43      10.17     2.13      0.695     2.10      3.43      4.28      0.0       
0.23      0.23      0.23      482.60    248.38    0.0       12.46     9.46      10.31     2.26      0.725     2.40      3.5       4.36      0.0       
0.24      0.24      0.24      505.41    259.56    0.0       12.57     9.55      10.35     2.49      0.81      2.49      3.65      4.53      0.0       
0.24      0.25      0.25      526.75    270.68    0.0       12.73     9.60      10.47     2.73      0.9       2.73      3.77      4.73      0.0       
0.25      0.26      0.25      549.14    280.34    0.0       12.83     9.65      10.55     2.96      0.965     2.94      3.91      4.85      0.0       
0.26      0.27      0.26      566.88    292.49    0.0       12.93     9.70      10.64     3.13      1.07      3.15      4.0       5.08      0.0       
0.27      0.28      0.27      590.45    303.50    0.0       13.05     9.80      10.72     3.42      1.16      3.38      4.13      5.22      0.0       
0.28      0.28      0.28      612.91    310.11    0.0       13.22     9.78      10.87     3.68      1.165     3.69      4.24      5.26      0.0       
0.28      0.29      0.28      633.22    321.50    0.0       13.34     9.86      11.00     3.94      1.285     4.00      4.35      5.43      0.0       
0.29      0.30      0.29      661.50    333.57    0.0       13.49     9.95      11.06     4.3       1.43      4.20      4.51      5.61      0.0       
0.30      0.31      0.30      681.34    344.06    0.0       13.59     10.02     11.22     4.56      1.525     4.58      4.61      5.75      0.0       
0.30      0.32      0.31      697.95    356.76    0.0       13.70     10.10     11.38     4.77      1.665     4.97      4.67      5.92      0.0       
0.31      0.32      0.31      720.11    366.01    0.0       13.87     10.11     11.37     5.05      1.715     5.04      4.76      6.05      0.0       
0.32      0.34      0.32      746.93    379.88    0.0       14.03     10.22     11.51     5.48      1.905     5.36      4.89      6.26      0.0       
0.32      0.34      0.32      766.48    390.71    0.0       14.12     10.30     11.62     5.73      2.04      5.61      4.98      6.39      0.0       
0.33      0.34      0.33      791.09    396.65    0.0       14.26     10.28     11.76     6.02      2.025     6.05      5.08      6.39      0.0       
0.34      0.35      0.34      810.60    410.66    0.0       14.38     10.40     11.91     6.34      2.25      6.47      5.16      6.61      0.0       
0.34      0.36      0.34      834.48    423.40    0.0       14.55     10.51     11.99     6.68      2.41      6.73      5.26      6.76      0.0       
0.35      0.36      0.35      858.55    430.74    0.0       14.69     10.53     12.12     7.11      2.47      7.08      5.37      6.79      0.0       
0.36      0.38      0.36      891.00    444.96    0.0       14.93     10.62     12.28     7.67      2.69      7.51      5.5       7.00      0.0       
0.36      0.38      0.36      903.40    455.27    0.0       14.96     10.68     12.37     7.77      2.795     7.75      5.52      7.10      0.0       
0.37      0.39      0.37      937.81    466.20    0.0       15.22     10.73     12.54     8.41      2.92      8.22      5.66      7.21      0.0       
0.37      0.39      0.37      956.14    478.43    0.0       15.31     10.83     12.66     8.61      3.1       8.62      5.71      7.34      0.0       
0.37      0.40      0.38      974.04    488.86    0.0       15.42     10.88     12.76     8.92      3.255     8.85      5.78      7.46      0.0       
0.38      0.41      0.39      1006.40   502.54    0.0       15.70     10.99     13.00     9.53      3.475     9.64      5.88      7.60      0.0       
0.39      0.42      0.39      1029.91   516.37    0.0       15.80     11.10     13.03     9.9       3.745     9.69      5.98      7.77      0.0       
0.39      0.42      0.39      1063.41   528.16    0.0       16.09     11.19     13.20     10.56     3.92      10.21     6.08      7.88      0.0       
0.40      0.43      0.40      1090.20   541.40    0.0       16.25     11.27     13.40     10.98     4.105     10.69     6.16      8.01      0.0       
0.40      0.44      0.41      1115.65   555.57    0.0       16.39     11.39     13.57     11.43     4.395     11.23     6.24      8.16      0.0       
0.41      0.44      0.41      1128.36   565.47    0.0       16.42     11.44     13.62     11.54     4.54      11.40     6.26      8.23      0.0       
0.41      0.45      0.41      1158.89   581.37    0.0       16.66     11.57     13.84     12.17     4.865     12.09     6.35      8.40      0.0       
0.41      0.45      0.42      1180.58   588.33    0.0       16.79     11.57     13.97     12.49     4.83      12.38     6.41      8.43      0.0       
0.42      0.45      0.42      1206.10   597.25    0.0       16.98     11.61     14.09     12.94     4.985     12.80     6.47      8.46      0.0       
0.42      0.46      0.43      1230.07   615.43    0.0       17.15     11.78     14.35     13.33     5.415     13.49     6.53      8.67      0.0       
0.43      0.47      0.43      1256.87   628.45    0.0       17.29     11.89     14.42     13.73     5.63      13.77     6.59      8.77      0.0       
0.43      0.48      0.43      1295.00   640.34    0.0       17.63     11.96     14.57     14.53     5.8       14.13     6.69      8.87      0.0       
0.44      0.48      0.44      1327.36   657.54    0.0       17.82     12.12     14.74     15.19     6.215     14.63     6.78      9.01      0.0       
0.44      0.48      0.44      1348.51   664.65    0.0       18.00     12.13     14.82     15.4      6.24      14.85     6.8       9.02      0.0       
0.44      0.49      0.45      1370.81   682.16    0.0       18.13     12.28     15.14     15.82     6.65      15.67     6.85      9.18      0.0       
0.45      0.50      0.45      1403.21   696.82    0.0       18.37     12.42     15.25     16.42     7.035     15.93     6.92      9.29      0.0       
0.45      0.50      0.45      1425.18   707.15    0.0       18.51     12.47     15.41     16.75     7.17      16.36     6.96      9.35      0.0       
0.45      0.51      0.46      1460.78   721.78    0.0       18.85     12.59     15.66     17.36     7.47      17.02     7.02      9.46      0.0       
0.46      0.51      0.46      1492.84   732.02    0.0       19.05     12.64     15.75     17.94     7.6       17.18     7.08      9.51      0.0       
0.46      0.52      0.47      1529.54   751.01    0.0       19.41     12.82     16.03     18.65     8.07      17.92     7.14      9.67      0.0       
0.46      0.52      0.47      1546.01   759.32    0.0       19.45     12.86     16.09     18.79     8.155     18.03     7.15      9.67      0.0       
0.46      0.52      0.47      1571.65   774.73    0.0       19.64     12.96     16.41     19.07     8.455     18.73     7.18      9.79      0.0       
0.47      0.53      0.47      1616.97   784.55    0.0       20.10     13.03     16.54     20.09     8.615     19.11     7.28      9.81      0.0       
0.47      0.54      0.48      1635.57   810.74    0.0       20.15     13.34     16.81     20.15     9.405     19.64     7.29      10.02     0.0       
0.47      0.54      0.48      1669.83   817.62    0.0       20.41     13.35     16.95     20.8      9.405     19.91     7.35      10.03     0.0       
0.47      0.54      0.48      1692.69   831.60    0.0       20.59     13.43     17.25     21.12     9.63      20.57     7.37      10.10     0.0       
0.48      0.55      0.49      1729.58   846.25    0.0       20.92     13.55     17.41     21.71     9.915     20.92     7.42      10.17     0.0       
0.48      0.55      0.49      1753.63   856.19    0.0       21.13     13.59     17.63     22.05     10.04     21.30     7.45      10.23     0.0       
0.48      0.56      0.49      1779.41   877.42    0.0       21.26     13.81     17.81     22.36     10.64     21.70     7.47      10.35     0.0       
0.48      0.56      0.49      1812.90   892.84    0.0       21.63     13.96     18.03     22.8      10.91     21.99     7.5       10.43     0.0       
0.49      0.56      0.50      1858.52   903.47    0.0       21.99     14.01     18.18     23.55     11.13     22.35     7.56      10.46     0.0       
0.49      0.57      0.50      1889.97   921.11    0.0       22.33     14.17     18.54     23.91     11.495    22.88     7.58      10.54     0.0       
0.49      0.57      0.50      1918.67   930.37    0.0       22.66     14.23     18.67     24.24     11.665    23.15     7.59      10.57     0.0       
0.49      0.57      0.50      1949.80   952.46    0.0       22.85     14.46     18.82     24.71     12.185    23.34     7.63      10.70     0.0       
0.49      0.57      0.50      1976.89   967.69    0.0       23.08     14.63     19.08     24.97     12.575    23.76     7.64      10.73     0.0       
0.49      0.58      0.50      2001.50   981.49    0.0       23.20     14.69     19.31     25.25     12.735    24.03     7.67      10.80     0.0       
0.50      0.58      0.51      2036.36   997.41    0.0       23.55     14.85     19.46     25.69     13.13     24.36     7.69      10.89     0.0       
0.50      0.58      0.51      2066.30   1010.93   0.0       23.83     14.97     19.81     26.01     13.365    24.79     7.73      10.90     0.0       
0.50      0.59      0.51      2114.04   1029.72   0.0       24.36     15.15     19.99     26.53     13.78     24.93     7.74      10.98     0.0       
0.50      0.59      0.51      2116.03   1042.90   0.0       24.13     15.27     20.04     26.46     13.98     25.21     7.76      11.02     0.0       
0.50      0.60      0.51      2157.36   1064.39   0.0       24.63     15.48     20.43     26.95     14.485    25.57     7.78      11.11     0.0       
0.50      0.60      0.51      2197.08   1074.35   0.0       25.11     15.54     20.63     27.35     14.595    25.87     7.8       11.12     0.0       
0.50      0.60      0.52      2223.28   1092.09   0.0       25.33     15.68     20.99     27.42     14.84     26.21     7.79      11.18     0.0       
0.50      0.60      0.52      2266.02   1103.99   0.0       25.69     15.79     21.08     27.93     15.105    26.36     7.83      11.21     0.0       
0.50      0.60      0.52      2290.82   1120.70   0.0       26.00     15.92     21.27     28.12     15.415    26.50     7.83      11.27     0.0       
0.51      0.61      0.52      2329.01   1139.49   0.0       26.29     16.16     21.42     28.37     15.79     26.64     7.84      11.30     0.0       
0.51      0.61      0.52      2341.33   1158.51   0.0       26.33     16.41     21.67     28.39     16.18     26.93     7.85      11.37     0.0       
0.50      0.61      0.52      2377.04   1175.01   0.0       26.76     16.52     22.14     28.72     16.47     27.45     7.87      11.42     0.0       
0.51      0.61      0.53      2398.13   1184.95   0.0       26.85     16.54     22.37     28.9      16.45     27.57     7.88      11.42     0.0       
0.51      0.62      0.52      2439.03   1204.70   0.0       27.30     16.79     22.32     29.11     16.91     27.55     7.87      11.47     0.0       
0.51      0.62      0.53      2480.30   1216.61   0.0       27.75     16.86     22.67     29.38     17.065    27.84     7.9       11.51     0.0       
0.51      0.62      0.53      2507.01   1236.79   0.0       27.96     17.08     23.00     29.64     17.405    28.09     7.91      11.54     0.0       
0.51      0.62      0.53      2553.25   1254.90   0.0       28.59     17.28     23.09     29.86     17.695    28.20     7.91      11.59     0.0       
0.51      0.62      0.53      2571.04   1272.42   0.0       28.61     17.45     23.45     30.01     18.005    28.35     7.93      11.63     0.0       
0.51      0.62      0.53      2606.26   1281.29   0.0       29.03     17.51     23.74     30.18     18.095    28.66     7.92      11.63     0.0       
0.51      0.63      0.53      2639.55   1304.53   0.0       29.24     17.73     23.96     30.25     18.42     28.70     7.93      11.69     0.0       
0.51      0.63      0.53      2672.79   1319.21   0.0       29.55     17.89     24.11     30.52     18.66     28.77     7.96      11.71     0.0       
0.51      0.63      0.54      2705.24   1331.23   0.0       29.86     17.93     24.32     30.62     18.69     28.82     7.96      11.71     0.0       
0.51      0.63      0.54      2729.80   1350.50   0.0       30.11     18.16     24.59     30.72     19.08     29.04     7.97      11.77     0.0       
0.51      0.63      0.54      2765.80   1369.72   0.0       30.45     18.37     24.85     30.86     19.365    29.14     7.97      11.81     0.0       
0.51      0.63      0.54      2795.71   1384.72   0.0       30.75     18.58     24.95     30.91     19.515    29.38     7.97      11.81     0.0       
0.51      0.64      0.54      2825.26   1407.58   0.0       31.08     18.81     25.12     31.03     19.815    29.36     7.97      11.86     0.0       
0.51      0.64      0.54      2868.68   1420.23   0.0       31.46     18.91     25.43     31.21     19.95     29.58     7.98      11.87     0.0       
0.51      0.64      0.54      2900.98   1432.12   0.0       31.84     18.95     25.54     31.39     20.025    29.59     8.0       11.88     0.0       
0.51      0.64      0.54      2934.92   1454.39   0.0       32.18     19.19     25.86     31.4      20.265    29.73     7.98      11.92     0.0       
0.51      0.64      0.54      2956.51   1475.85   0.0       32.22     19.51     25.94     31.57     20.605    29.82     8.0       11.93     0.0       
0.51      0.64      0.54      2986.26   1490.48   0.0       32.52     19.59     26.23     31.6      20.725    29.77     8.0       11.97     0.0       
0.52      0.64      0.55      3022.04   1505.61   0.0       32.83     19.75     26.52     31.77     20.735    29.89     8.01      11.95     0.0       
0.51      0.65      0.55      3058.64   1525.59   0.0       33.27     19.95     26.80     31.79     21.035    30.16     8.01      12.01     0.0       
0.51      0.65      0.54      3091.30   1542.99   0.0       33.66     20.11     26.87     31.84     21.265    30.09     8.01      12.03     0.0       
0.51      0.65      0.55      3111.76   1561.41   0.0       33.65     20.33     27.00     31.75     21.37     30.20     8.0       12.03     0.0       
0.51      0.65      0.55      3146.69   1573.31   0.0       34.13     20.41     27.40     31.98     21.39     30.22     8.01      12.04     0.0       
0.52      0.65      0.55      3173.53   1593.62   0.0       34.19     20.60     27.44     31.99     21.525    30.22     8.02      12.04     0.0       
0.52      0.65      0.55      3211.13   1610.54   0.0       34.64     20.77     27.68     32.08     21.72     30.41     8.03      12.07     0.0       
0.52      0.65      0.55      3239.30   1619.90   0.0       34.80     20.78     27.84     32.21     21.69     30.36     8.04      12.08     0.0       
0.52      0.65      0.55      3300.04   1646.12   0.0       35.51     21.17     28.24     32.21     22.025    30.51     8.03      12.09     0.0       
0.52      0.65      0.55      3314.34   1670.08   0.0       35.48     21.50     28.27     32.3      22.35     30.53     8.03      12.12     0.0       
0.52      0.65      0.56      3325.54   1683.12   0.0       35.46     21.49     28.31     32.19     22.225    30.38     8.02      12.12     0.0       
0.52      0.66      0.55      3356.96   1694.23   0.0       35.76     21.51     28.68     32.27     22.22     30.63     8.03      12.14     0.0       
0.52      0.66      0.56      3401.35   1712.51   0.0       36.17     21.76     28.89     32.33     22.435    30.76     8.03      12.15     0.0       
0.52      0.65      0.56      3444.10   1729.32   0.0       36.45     21.94     29.02     32.31     22.59     30.62     8.03      12.14     0.0       
0.52      0.65      0.55      3453.59   1743.09   0.0       36.66     22.08     29.30     32.49     22.71     30.87     8.04      12.17     0.0       
0.52      0.66      0.55      3494.95   1768.33   0.0       36.93     22.36     29.38     32.48     22.865    30.61     8.04      12.17     0.0       
0.52      0.66      0.55      3537.32   1793.92   0.0       37.26     22.64     29.41     32.46     22.935    30.59     8.03      12.15     0.0       
0.52      0.66      0.56      3578.20   1804.17   0.0       37.79     22.67     29.80     32.59     23.02     30.75     8.04      12.19     0.0       
0.52      0.66      0.56      3585.57   1824.77   0.0       37.74     22.89     30.14     32.52     23.095    30.96     8.03      12.19     0.0       
0.52      0.66      0.57      3640.55   1833.08   0.0       38.27     22.78     30.29     32.63     22.985    30.95     8.03      12.20     0.0       
0.52      0.66      0.56      3655.46   1857.25   0.0       38.28     23.12     30.25     32.56     23.265    30.86     8.03      12.21     0.0       
0.52      0.66      0.56      3718.70   1871.13   0.0       38.85     23.19     30.38     32.7      23.19     30.79     8.03      12.21     0.0       
0.52      0.66      0.56      3739.37   1888.49   0.0       39.00     23.37     30.66     32.59     23.36     30.88     8.03      12.24     0.0       
0.52      0.66      0.56      3768.59   1910.46   0.0       39.27     23.58     30.89     32.71     23.42     30.92     8.04      12.22     0.0       
0.52      0.66      0.56      3798.03   1936.16   0.0       39.53     23.86     31.11     32.78     23.54     31.00     8.04      12.22     0.0       
0.52      0.66      0.56      3835.22   1947.58   0.0       39.75     23.89     31.46     32.75     23.52     31.14     8.04      12.23     0.0       
0.52      0.66      0.56      3865.48   1961.84   0.0       39.97     24.14     31.49     32.69     23.695    31.14     8.03      12.25     0.0       
0.52      0.66      0.57      3903.42   1980.12   0.0       40.23     24.31     31.67     32.72     23.805    31.09     8.03      12.26     0.0       
0.52      0.67      0.56      3924.71   2013.61   0.0       40.23     24.47     31.68     32.66     23.715    31.03     8.03      12.25     0.0       
0.52      0.66      0.57      3972.29   2027.87   0.0       40.72     24.72     31.66     32.74     23.835    30.88     8.03      12.25     0.0       
0.52      0.66      0.57      4013.42   2030.28   0.0       40.89     24.64     31.98     32.67     23.845    31.10     8.03      12.26     0.0       
0.52      0.66      0.56      4025.50   2054.67   0.0       41.26     24.85     32.34     32.88     24.01     31.23     8.04      12.28     0.0       
0.52      0.66      0.56      4056.42   2074.33   0.0       41.23     25.03     32.47     32.73     24.065    31.14     8.03      12.26     0.0       
0.52      0.67      0.55      4079.88   2098.54   0.0       41.45     25.24     32.81     32.78     24.11     31.41     8.04      12.27     0.0       
0.52      0.67      0.57      4126.06   2123.11   0.0       41.71     25.52     32.72     32.77     24.23     31.18     8.03      12.27     0.0       
0.52      0.66      0.57      4174.12   2130.55   0.0       42.15     25.60     32.72     32.89     24.175    31.04     8.03      12.27     0.0       
0.52      0.67      0.56      4204.64   2165.43   0.0       42.35     25.82     33.11     32.85     24.255    31.32     8.03      12.26     0.0       
0.52      0.67      0.58      4229.92   2164.77   0.0       42.60     25.74     33.10     32.91     24.285    31.11     8.04      12.28     0.0       
0.52      0.67      0.57      4276.21   2197.27   0.0       42.97     26.07     33.13     32.89     24.35     31.29     8.03      12.28     0.0       
0.52      0.66      0.57      4296.52   2208.09   0.0       43.07     26.16     33.24     32.84     24.39     31.12     8.02      12.28     0.0       
0.52      0.67      0.57      4354.76   2230.38   0.0       43.58     26.21     33.49     32.99     24.37     31.16     8.04      12.26     0.0       
0.52      0.67      0.57      4393.45   2246.93   0.0       43.33     26.37     33.69     32.86     24.31     31.28     8.03      12.27     0.0       
0.52      0.66      0.57      4420.86   2263.82   0.0       43.78     26.57     33.86     32.83     24.32     31.25     8.02      12.26     0.0       
0.52      0.67      0.58      4453.03   2287.53   0.0       43.92     26.81     33.75     32.97     24.525    31.09     8.02      12.28     0.0       
0.52      0.67      0.57      4480.44   2313.21   0.0       44.08     26.97     34.24     32.97     24.505    31.32     8.03      12.27     0.0       
0.52      0.67      0.57      4498.29   2315.74   0.0       44.37     26.82     34.28     32.97     24.43     31.36     8.03      12.28     0.0       
0.52      0.67      0.57      4561.35   2350.48   0.0       44.58     27.06     34.36     32.95     24.58     31.27     8.02      12.28     0.0       
0.52      0.67      0.57      4586.00   2370.09   0.0       44.83     27.23     34.51     32.88     24.61     31.36     8.01      12.28     0.0       
0.51      0.67      0.57      4581.14   2382.73   0.0       44.72     27.44     34.72     32.87     24.725    31.27     8.01      12.29     0.0       
0.52      0.67      0.57      4654.38   2402.63   0.0       45.35     27.47     35.18     33.01     24.59     31.53     8.02      12.27     0.0       
0.52      0.67      0.57      4670.77   2422.91   0.0       45.52     27.42     34.96     33.01     24.585    31.43     8.03      12.26     0.0       
0.52      0.67      0.57      4731.82   2441.92   0.0       45.95     27.82     35.02     32.96     24.765    31.34     8.02      12.29     0.0       
0.52      0.67      0.57      4782.16   2468.77   0.0       46.04     28.11     35.42     32.99     24.89     31.52     8.01      12.28     0.0       
0.52      0.67      0.57      4789.29   2478.01   0.0       46.27     28.27     35.38     33.04     24.925    31.36     8.02      12.31     0.0       
0.52      0.67      0.58      4854.38   2500.88   0.0       46.54     28.23     35.20     32.98     24.855    31.22     8.01      12.28     0.0       
0.52      0.67      0.58      4875.02   2534.99   0.0       46.77     28.65     35.79     33.11     25.055    31.55     8.02      12.31     0.0       
0.52      0.67      0.59      4893.69   2538.77   0.0       46.68     28.59     35.47     32.98     24.895    31.18     8.01      12.29     0.0       
0.52      0.68      0.59      4954.69   2587.53   0.0       46.77     28.78     35.44     32.95     24.855    31.09     8.01      12.26     0.0       
0.52      0.67      0.56      4980.73   2587.83   0.0       47.43     28.75     36.08     33.11     24.89     31.48     8.02      12.25     0.0       
0.87      0.67      0.58      7614.57   2609.81   0.0       44.33     29.01     36.31     33.05     25.04     31.45     7.91      12.28     0.0       
0.52      0.67      0.57      5034.85   2632.24   0.0       47.64     29.08     36.50     33.1      24.945    31.50     8.02      12.27     0.0       
0.52      0.67      0.57      5075.22   2657.47   0.0       47.81     29.32     36.50     33.07     25.035    31.43     8.01      12.27     0.0       
0.52      0.67      0.57      5127.84   2664.22   0.0       48.38     29.46     36.61     33.06     25.165    31.48     8.01      12.30     0.0       
0.52      0.68      0.58      5156.21   2717.94   0.0       48.48     29.57     36.62     33.04     25.08     31.38     8.01      12.26     0.0       
0.52      0.67      0.59      5191.47   2715.17   0.0       48.30     29.63     36.41     33.03     25.115    31.32     8.0       12.28     0.0       
0.52      0.67      0.57      5266.80   2724.39   0.0       48.70     29.62     37.01     33.07     25.115    31.48     8.0       12.28     0.0       
0.52      0.67      0.57      5247.31   2751.61   0.0       48.78     29.99     37.19     33.09     25.14     31.55     8.01      12.29     0.0       
0.52      0.68      0.58      5302.82   2789.94   0.0       49.04     29.97     37.12     33.11     25.085    31.42     8.01      12.25     0.0       
0.52      0.67      0.58      5342.85   2804.32   0.0       49.04     30.18     37.35     33.04     25.215    31.48     8.0       12.29     0.0       
0.52      0.67      0.57      5393.59   2812.36   0.0       49.23     30.25     37.56     33.01     25.19     31.61     8.0       12.29     0.0       
0.52      0.67      0.59      5412.46   2827.81   0.0       49.31     30.31     37.16     32.98     25.2      31.32     7.99      12.28     0.0       
0.52      0.68      0.59      5439.45   2884.74   0.0       49.47     30.61     37.11     33.04     25.235    31.16     8.0       12.26     0.0       
0.52      0.68      0.58      5544.56   2891.99   0.0       50.13     30.32     37.60     33.13     25.07     31.48     8.0       12.23     0.0       
0.52      0.67      0.58      5518.18   2890.96   0.0       50.17     30.69     38.03     33.11     25.21     31.54     8.01      12.26     0.0       
0.52      0.68      0.58      5548.00   2946.17   0.0       50.49     30.86     37.92     33.15     25.175    31.54     8.01      12.23     0.0       
0.52      0.68      0.59      5610.94   2959.49   0.0       50.53     30.98     37.90     33.12     25.215    31.47     8.0       12.26     0.0       
0.52      0.68      0.59      5628.17   2993.59   0.0       50.68     30.94     38.15     33.08     25.14     31.45     7.99      12.23     0.0       
0.52      0.67      0.58      5699.66   2991.08   0.0       50.95     31.12     38.40     33.05     25.295    31.43     7.99      12.26     0.0       
0.53      0.68      0.59      5763.33   3013.95   0.0       50.55     31.14     38.48     33.0      25.265    31.46     7.97      12.25     0.0       
0.51      0.68      0.58      5730.46   3050.11   0.0       51.17     31.31     38.46     33.15     25.28     31.39     7.99      12.23     0.0       
0.52      0.68      0.58      5827.68   3071.79   0.0       51.69     31.72     38.74     33.13     25.435    31.55     7.99      12.26     0.0       
0.52      0.68      0.59      5835.61   3093.38   0.0       51.66     31.72     38.60     33.1      25.37     31.32     7.99      12.26     0.0       
0.52      0.68      0.59      5880.78   3112.41   0.0       51.62     31.63     39.01     33.05     25.29     31.58     7.98      12.23     0.0       
0.52      0.67      0.59      5887.65   3109.01   0.0       51.84     31.97     38.42     33.09     25.485    31.33     7.99      12.28     0.0       
********* Based on 200 data points ************
MBNoC_NoBypass vs. MBNoC
Energy reduce by 0.00%
Latency reduce by -26.38%
Deflection rate reduce by -213.06%
Improve throughput by 0.00%
MBNoC_NoBypass vs. BLESS
Energy reduce by 0.00%
Latency reduce by 19.38%
Deflection rate reduce by 5.48%
Improve throughput by 0.00%
DONE :)
