Xiyues-MBP.attlocal.net
config <= ./config_qos.txt
network_nrX <= 4
network_nrY <= 4
topology <= Mesh
router.algorithm <= DR_AFC
afc_force <= true
afc_force_buffered <= true
afc_buf_per_vnet <= 4
afc_vnets <= 8
router.dataPacketSize <= 4
router.maxPacketSize <= 4
router.addrPacketSize <= 1
coherent_cache_size <= 16
coherent_cache_assoc <= 2
sh_cache_size <= 21
sh_cache_assoc <= 4
sh_cache_perfect <= true
cache_block <= 5
idealnet <= false
router.linkLatency <= 2
edge_loop <= false
controller <= THROTTLE_QOS
finish <= cycle 1000000
warmup_cyc <= 100000
slowdown_epoch <= 50000
mshrs <= 16
shcache_buf <= 16
output <= ./bs.out
Xiyues-MBP.attlocal.net
config <= ./config_qos.txt
network_nrX <= 4
network_nrY <= 4
topology <= Mesh
router.algorithm <= DR_AFC
afc_force <= true
afc_force_buffered <= true
afc_buf_per_vnet <= 4
afc_vnets <= 8
router.dataPacketSize <= 4
router.maxPacketSize <= 4
router.addrPacketSize <= 1
coherent_cache_size <= 16
coherent_cache_assoc <= 2
sh_cache_size <= 21
sh_cache_assoc <= 4
sh_cache_perfect <= true
cache_block <= 5
idealnet <= false
router.linkLatency <= 2
edge_loop <= false
controller <= THROTTLE_QOS
finish <= cycle 1000000
warmup_cyc <= 100000
slowdown_epoch <= 50000
mshrs <= 16
shcache_buf <= 16
output <= ./sim_1.out
Xiyues-MBP.attlocal.net
config <= ./config_qos.txt
network_nrX <= 4
network_nrY <= 4
topology <= Mesh
router.algorithm <= DR_AFC
afc_force <= true
afc_force_buffered <= true
afc_buf_per_vnet <= 4
afc_vnets <= 8
router.dataPacketSize <= 4
router.maxPacketSize <= 4
router.addrPacketSize <= 1
coherent_cache_size <= 16
coherent_cache_assoc <= 2
sh_cache_size <= 21
sh_cache_assoc <= 4
sh_cache_perfect <= true
cache_block <= 5
idealnet <= false
router.linkLatency <= 2
edge_loop <= false
controller <= THROTTLE_QOS
finish <= cycle 1000000
warmup_cyc <= 100000
slowdown_epoch <= 50000
mshrs <= 16
shcache_buf <= 16
output <= ./sim_2.out
Xiyues-MBP.attlocal.net
config <= ./config_qos.txt
network_nrX <= 4
network_nrY <= 4
topology <= Mesh
router.algorithm <= DR_AFC
afc_force <= true
afc_force_buffered <= true
afc_buf_per_vnet <= 4
afc_vnets <= 8
router.dataPacketSize <= 4
router.maxPacketSize <= 4
router.addrPacketSize <= 1
coherent_cache_size <= 16
coherent_cache_assoc <= 2
sh_cache_size <= 21
sh_cache_assoc <= 4
sh_cache_perfect <= true
cache_block <= 5
idealnet <= false
router.linkLatency <= 2
edge_loop <= false
controller <= THROTTLE_QOS
finish <= cycle 1000000
warmup_cyc <= 100000
slowdown_epoch <= 50000
mshrs <= 16
shcache_buf <= 16
output <= ./sim_3.out
Xiyues-MBP.attlocal.net
config <= ./config_qos.txt
network_nrX <= 4
network_nrY <= 4
topology <= Mesh
router.algorithm <= DR_AFC
afc_force <= true
afc_force_buffered <= true
afc_buf_per_vnet <= 4
afc_vnets <= 8
router.dataPacketSize <= 4
router.maxPacketSize <= 4
router.addrPacketSize <= 1
coherent_cache_size <= 16
coherent_cache_assoc <= 2
sh_cache_size <= 21
sh_cache_assoc <= 4
sh_cache_perfect <= true
cache_block <= 5
idealnet <= false
router.linkLatency <= 2
edge_loop <= false
controller <= THROTTLE_QOS
finish <= cycle 1000000
warmup_cyc <= 100000
slowdown_epoch <= 50000
mshrs <= 16
shcache_buf <= 16
output <= ./sim_4.out
Xiyues-MBP.attlocal.net
config <= ./config_qos.txt
network_nrX <= 4
network_nrY <= 4
topology <= Mesh
router.algorithm <= DR_AFC
afc_force <= true
afc_force_buffered <= true
afc_buf_per_vnet <= 4
afc_vnets <= 8
router.dataPacketSize <= 4
router.maxPacketSize <= 4
router.addrPacketSize <= 1
coherent_cache_size <= 16
coherent_cache_assoc <= 2
sh_cache_size <= 21
sh_cache_assoc <= 4
sh_cache_perfect <= true
cache_block <= 5
idealnet <= false
router.linkLatency <= 2
edge_loop <= false
controller <= THROTTLE_QOS
finish <= cycle 1000000
warmup_cyc <= 100000
slowdown_epoch <= 50000
mshrs <= 16
shcache_buf <= 16
output <= ./sim_5.out
Xiyues-MBP.attlocal.net
config <= ./config_qos.txt
network_nrX <= 4
network_nrY <= 4
topology <= Mesh
router.algorithm <= DR_AFC
afc_force <= true
afc_force_buffered <= true
afc_buf_per_vnet <= 4
afc_vnets <= 8
router.dataPacketSize <= 4
router.maxPacketSize <= 4
router.addrPacketSize <= 1
coherent_cache_size <= 16
coherent_cache_assoc <= 2
sh_cache_size <= 21
sh_cache_assoc <= 4
sh_cache_perfect <= true
cache_block <= 5
idealnet <= false
router.linkLatency <= 2
edge_loop <= false
controller <= THROTTLE_QOS
finish <= cycle 1000000
warmup_cyc <= 100000
slowdown_epoch <= 50000
mshrs <= 16
shcache_buf <= 16
output <= ./sim_6.out
Command Line: mono ./sim.exe -config ./config_qos.txt -output ./bs.out -workload ./workload_list/mix_app_4x4 1 -throttle_enable false
Command Line: mono ./sim.exe -config ./config_qos.txt -output ./sim_1.out -workload ./workload_list/mix_app_4x4 1 -throttle_enable true -slowdown_epoch 50000
Command Line: mono ./sim.exe -config ./config_qos.txt -output ./sim_2.out -workload ./workload_list/mix_app_4x4 1 -throttle_enable true -slowdown_epoch 100000
Command Line: mono ./sim.exe -config ./config_qos.txt -output ./sim_3.out -workload ./workload_list/mix_app_4x4 1 -throttle_enable true -slowdown_epoch 150000
Command Line: mono ./sim.exe -config ./config_qos.txt -output ./sim_4.out -workload ./workload_list/mix_app_4x4 1 -throttle_enable true -slowdown_epoch 200000
Command Line: mono ./sim.exe -config ./config_qos.txt -output ./sim_5.out -workload ./workload_list/mix_app_4x4 1 -throttle_enable true -slowdown_epoch 250000
Command Line: mono ./sim.exe -config ./config_qos.txt -output ./sim_6.out -workload ./workload_list/mix_app_4x4 1 -throttle_enable true -slowdown_epoch 300000
